<?xml version="1.0" encoding="UTF-8"?>
<!-- Generated by org.testng.reporters.JUnitReportReporter -->
<testsuite hostname="ThushDee-DELL" failures="0" tests="4" name="api.test.UserTests" time="7.784" errors="0" timestamp="2024-03-29T17:51:06 IST" skipped="0">
  <testcase classname="api.test.UserTests" name="testPostUser" time="2.643"/>
  <testcase classname="api.test.UserTests" name="testGetUserByName" time="1.296"/>
  <testcase classname="api.test.UserTests" name="testUpdateUserByName" time="2.611"/>
  <testcase classname="api.test.UserTests" name="testDeleteUserByName" time="1.234"/>
</testsuite> <!-- api.test.UserTests -->
