<?xml version="1.0" encoding="UTF-8"?>
<!-- Generated by org.testng.reporters.JUnitReportReporter -->
<testsuite hostname="ThushDee-DELL" failures="0" tests="4" name="api.test.UserTests" time="7.867" errors="0" timestamp="2024-03-29T18:53:40 IST" skipped="0">
  <testcase classname="api.test.UserTests" name="testPostUser" time="2.603"/>
  <testcase classname="api.test.UserTests" name="testGetUserByName" time="1.359"/>
  <testcase classname="api.test.UserTests" name="testUpdateUserByName" time="2.523"/>
  <testcase classname="api.test.UserTests" name="testDeleteUserByName" time="1.382"/>
</testsuite> <!-- api.test.UserTests -->
