<?xml version="1.0" encoding="UTF-8"?>
<!-- Generated by org.testng.reporters.JUnitReportReporter -->
<testsuite hostname="ThushDee-DELL" failures="0" tests="4" name="api.test.UserTests2" time="6.262" errors="0" timestamp="2024-03-29T18:25:56 IST" skipped="0">
  <testcase classname="api.test.UserTests2" name="testPostUser" time="1.274"/>
  <testcase classname="api.test.UserTests2" name="testGetUserByName" time="1.219"/>
  <testcase classname="api.test.UserTests2" name="testUpdateUserByName" time="2.534"/>
  <testcase classname="api.test.UserTests2" name="testDeleteUserByName" time="1.235"/>
</testsuite> <!-- api.test.UserTests2 -->
